Flutter crash report.
Please report a bug at https://github.com/flutter/flutter/issues.

## command

flutter run --machine --target lib/main.dart -d 14871e81 --dart-define=flutter.inspector.structuredErrors=true --start-paused --web-server-debug-protocol ws --web-server-debug-backend-protocol ws --web-allow-expose-url

## exception

StateError: Bad state: No element

```
#0      ListMixin.firstWhere (dart:collection/list.dart:167:5)
#1      DartDevelopmentService.startDartDevelopmentService (package:flutter_tools/src/base/dds.dart:63:32)
<asynchronous suspension>
#2      FlutterDevice.connect.<anonymous closure> (package:flutter_tools/src/resident_runner.dart:249:11)
<asynchronous suspension>
```

## flutter doctor

```
[✓] Flutter (Channel beta, 1.25.0-8.1.pre, on Linux, locale en_IN)
    • Flutter version 1.25.0-8.1.pre at /home/swayam/snap/flutter/common/flutter
    • Framework revision 8f89f6505b (11 days ago), 2020-12-15 15:07:52 -0800
    • Engine revision 92ae191c17
    • Dart version 2.12.0 (build 2.12.0-133.2.beta)

[!] Android toolchain - develop for Android devices (Android SDK version 30.0.2)
    • Android SDK at /home/swayam/Android/Sdk
    • Platform android-30, build-tools 30.0.2
    • Java binary at: /usr/bin/java
    • Java version OpenJDK Runtime Environment (build 11.0.9.1+1-Ubuntu-0ubuntu1.20.04)
    ✗ Android license status unknown.
      Run `flutter doctor --android-licenses` to accept the SDK licenses.
      See https://flutter.dev/docs/get-started/install/linux#android-setup for more details.

[!] Android Studio
    • Android Studio at snap/android-studio/current/android-studio/
    • Flutter plugin can be installed from:
      🔨 https://plugins.jetbrains.com/plugin/9212-flutter
    • Dart plugin can be installed from:
      🔨 https://plugins.jetbrains.com/plugin/6351-dart
    ✗ android-studio-dir = snap/android-studio/current/android-studio/
    ✗ Android Studio not found at snap/android-studio/current/android-studio/
    • Try updating or re-installing Android Studio.
    • Consider removing your android-studio-dir setting by running:
      flutter config --android-studio-dir=

[✓] Connected device (1 available)
    • RMX1911 (mobile) • 14871e81 • android-arm64 • Android 10 (API 29)

! Doctor found issues in 2 categories.
```
